-------------------------------------------------------------------------------
Test set: service.OrderServiceTest
-------------------------------------------------------------------------------
Tests run: 8, Failures: 0, Errors: 8, Skipped: 0, Time elapsed: 0.003 s <<< FAILURE! - in service.OrderServiceTest
testUpdateOrder(service.OrderServiceTest)  Time elapsed: 0 s  <<< ERROR!
java.sql.SQLIntegrityConstraintViolationException: Duplicate entry 'johndoe@example.com' for key 'user.email'
	at service.OrderServiceTest.setup(OrderServiceTest.java:43)

testUpdateOrder(service.OrderServiceTest)  Time elapsed: 0 s  <<< ERROR!
java.lang.NullPointerException: Cannot invoke "com.eshop.model.entity.CartItem.getId()" because "this.testCartItem1" is null
	at service.OrderServiceTest.tearDown(OrderServiceTest.java:79)

testGetOrdersByUserId(service.OrderServiceTest)  Time elapsed: 0 s  <<< ERROR!
java.sql.SQLIntegrityConstraintViolationException: Duplicate entry 'johndoe@example.com' for key 'user.email'
	at service.OrderServiceTest.setup(OrderServiceTest.java:43)

testGetOrdersByUserId(service.OrderServiceTest)  Time elapsed: 0 s  <<< ERROR!
java.lang.NullPointerException: Cannot invoke "com.eshop.model.entity.CartItem.getId()" because "this.testCartItem1" is null
	at service.OrderServiceTest.tearDown(OrderServiceTest.java:79)

testInsertOrderWithCartItems(service.OrderServiceTest)  Time elapsed: 0.001 s  <<< ERROR!
java.sql.SQLIntegrityConstraintViolationException: Duplicate entry 'johndoe@example.com' for key 'user.email'
	at service.OrderServiceTest.setup(OrderServiceTest.java:43)

testInsertOrderWithCartItems(service.OrderServiceTest)  Time elapsed: 0.002 s  <<< ERROR!
java.lang.NullPointerException: Cannot invoke "com.eshop.model.entity.CartItem.getId()" because "this.testCartItem1" is null
	at service.OrderServiceTest.tearDown(OrderServiceTest.java:79)

testGetOrderById(service.OrderServiceTest)  Time elapsed: 0.001 s  <<< ERROR!
java.sql.SQLIntegrityConstraintViolationException: Duplicate entry 'johndoe@example.com' for key 'user.email'
	at service.OrderServiceTest.setup(OrderServiceTest.java:43)

testGetOrderById(service.OrderServiceTest)  Time elapsed: 0.001 s  <<< ERROR!
java.lang.NullPointerException: Cannot invoke "com.eshop.model.entity.CartItem.getId()" because "this.testCartItem1" is null
	at service.OrderServiceTest.tearDown(OrderServiceTest.java:79)

