<?xml version="1.0" encoding="UTF-8"?>
<testsuite xmlns:xsi="http://www.w3.org/2001/XMLSchema-instance" xsi:noNamespaceSchemaLocation="https://maven.apache.org/surefire/maven-surefire-plugin/xsd/surefire-test-report.xsd" name="service.OrderServiceTest" time="0.003" tests="8" errors="8" skipped="0" failures="0">
  <properties>
[...]
</properties>
  <testcase name="testUpdateOrder" classname="service.OrderServiceTest" time="0">
    <error message="Duplicate entry &apos;johndoe@example.com&apos; for key &apos;user.email&apos;" type="java.sql.SQLIntegrityConstraintViolationException">java.sql.SQLIntegrityConstraintViolationException: Duplicate entry 'johndoe@example.com' for key 'user.email'
	at service.OrderServiceTest.setup(OrderServiceTest.java:43)
</error>
  </testcase>
  <testcase name="testUpdateOrder" classname="service.OrderServiceTest" time="0">
    <error message="Cannot invoke &quot;com.eshop.model.entity.CartItem.getId()&quot; because &quot;this.testCartItem1&quot; is null" type="java.lang.NullPointerException">java.lang.NullPointerException: Cannot invoke "com.eshop.model.entity.CartItem.getId()" because "this.testCartItem1" is null
	at service.OrderServiceTest.tearDown(OrderServiceTest.java:79)
</error>
  </testcase>
  <testcase name="testGetOrdersByUserId" classname="service.OrderServiceTest" time="0">
    <error message="Duplicate entry &apos;johndoe@example.com&apos; for key &apos;user.email&apos;" type="java.sql.SQLIntegrityConstraintViolationException">java.sql.SQLIntegrityConstraintViolationException: Duplicate entry 'johndoe@example.com' for key 'user.email'
	at service.OrderServiceTest.setup(OrderServiceTest.java:43)
</error>
  </testcase>
  <testcase name="testGetOrdersByUserId" classname="service.OrderServiceTest" time="0">
    <error message="Cannot invoke &quot;com.eshop.model.entity.CartItem.getId()&quot; because &quot;this.testCartItem1&quot; is null" type="java.lang.NullPointerException">java.lang.NullPointerException: Cannot invoke "com.eshop.model.entity.CartItem.getId()" because "this.testCartItem1" is null
	at service.OrderServiceTest.tearDown(OrderServiceTest.java:79)
</error>
  </testcase>
  <testcase name="testInsertOrderWithCartItems" classname="service.OrderServiceTest" time="0.001">
    <error message="Duplicate entry &apos;johndoe@example.com&apos; for key &apos;user.email&apos;" type="java.sql.SQLIntegrityConstraintViolationException">java.sql.SQLIntegrityConstraintViolationException: Duplicate entry 'johndoe@example.com' for key 'user.email'
	at service.OrderServiceTest.setup(OrderServiceTest.java:43)
</error>
  </testcase>
  <testcase name="testInsertOrderWithCartItems" classname="service.OrderServiceTest" time="0.002">
    <error message="Cannot invoke &quot;com.eshop.model.entity.CartItem.getId()&quot; because &quot;this.testCartItem1&quot; is null" type="java.lang.NullPointerException">java.lang.NullPointerException: Cannot invoke "com.eshop.model.entity.CartItem.getId()" because "this.testCartItem1" is null
	at service.OrderServiceTest.tearDown(OrderServiceTest.java:79)
</error>
  </testcase>
  <testcase name="testGetOrderById" classname="service.OrderServiceTest" time="0.001">
    <error message="Duplicate entry &apos;johndoe@example.com&apos; for key &apos;user.email&apos;" type="java.sql.SQLIntegrityConstraintViolationException">java.sql.SQLIntegrityConstraintViolationException: Duplicate entry 'johndoe@example.com' for key 'user.email'
	at service.OrderServiceTest.setup(OrderServiceTest.java:43)
</error>
  </testcase>
  <testcase name="testGetOrderById" classname="service.OrderServiceTest" time="0.001">
    <error message="Cannot invoke &quot;com.eshop.model.entity.CartItem.getId()&quot; because &quot;this.testCartItem1&quot; is null" type="java.lang.NullPointerException">java.lang.NullPointerException: Cannot invoke "com.eshop.model.entity.CartItem.getId()" because "this.testCartItem1" is null
	at service.OrderServiceTest.tearDown(OrderServiceTest.java:79)
</error>
  </testcase>
</testsuite>