-------------------------------------------------------------------------------
Test set: EmailUtilTest
-------------------------------------------------------------------------------
Tests run: 2, Failures: 1, Errors: 0, Skipped: 0, Time elapsed: 1.471 s <<< FAILURE! - in EmailUtilTest
testSendEmail_invalidAddress(EmailUtilTest)  Time elapsed: 0.827 s  <<< FAILURE!
java.lang.AssertionError: Expected exception: java.lang.Exception

