-------------------------------------------------------------------------------
Test set: service.CartServiceTest
-------------------------------------------------------------------------------
Tests run: 5, Failures: 0, Errors: 5, Skipped: 0, Time elapsed: 0.098 s <<< FAILURE! - in service.CartServiceTest
testDeleteCartItemsByOrderId(service.CartServiceTest)  Time elapsed: 0.029 s  <<< ERROR!
java.lang.NullPointerException: Cannot invoke "com.eshop.model.entity.User.getId()" because the return value of "com.eshop.model.entity.CartItem.getUser()" is null
	at service.CartServiceTest.testDeleteCartItemsByOrderId(CartServiceTest.java:113)

testUpdateCartItem(service.CartServiceTest)  Time elapsed: 0.019 s  <<< ERROR!
java.lang.NullPointerException: Cannot invoke "com.eshop.model.entity.User.getId()" because the return value of "com.eshop.model.entity.CartItem.getUser()" is null
	at service.CartServiceTest.testUpdateCartItem(CartServiceTest.java:88)

testGetCartItemsByOrderId(service.CartServiceTest)  Time elapsed: 0.017 s  <<< ERROR!
java.lang.NullPointerException: Cannot invoke "com.eshop.model.entity.User.getId()" because the return value of "com.eshop.model.entity.CartItem.getUser()" is null
	at service.CartServiceTest.testGetCartItemsByOrderId(CartServiceTest.java:98)

testInsertCartItem(service.CartServiceTest)  Time elapsed: 0.016 s  <<< ERROR!
java.lang.NullPointerException: Cannot invoke "com.eshop.model.entity.User.getId()" because the return value of "com.eshop.model.entity.CartItem.getUser()" is null
	at service.CartServiceTest.testInsertCartItem(CartServiceTest.java:75)

testDeleteCartItem(service.CartServiceTest)  Time elapsed: 0.017 s  <<< ERROR!
java.lang.NullPointerException: Cannot invoke "com.eshop.model.entity.User.getId()" because the return value of "com.eshop.model.entity.CartItem.getUser()" is null
	at service.CartServiceTest.testDeleteCartItem(CartServiceTest.java:105)

